Arguments: 
  C:\Program Files\nodejs\node.exe C:\Program Files (x86)\Yarn\bin\yarn.js cache clean

PATH: 
  D:\cmder\vendor\conemu-maximus5\ConEmu\Scripts;D:\cmder\vendor\conemu-maximus5\ConEmu\Scripts;D:\cmder\vendor\conemu-maximus5;D:\cmder\vendor\conemu-maximus5\ConEmu;C:\Program Files (x86)\Common Files\Oracle\Java\javapath;C:\Windows\system32;C:\Windows;C:\Windows\System32\Wbem;C:\Windows\System32\WindowsPowerShell\v1.0\;C:\Windows\System32\OpenSSH\;C:\Program Files (x86)\Intel\Intel(R) Management Engine Components\DAL;C:\Program Files\Intel\Intel(R) Management Engine Components\DAL;C:\Program Files\Microsoft SQL Server\130\Tools\Binn\;C:\Program Files (x86)\Microsoft SQL Server\150\DTS\Binn\;C:\ProgramData\chocolatey\bin;C:\Program Files\nodejs\;C:\Program Files (x86)\Yarn\bin\;C:\Program Files\Git\cmd;C:\Program Files\Microsoft SQL Server\Client SDK\ODBC\170\Tools\Binn\;C:\Program Files\dotnet\;C:\Program Files\Docker\Docker\resources\bin;C:\ProgramData\DockerDesktop\version-bin;C:\Program Files\PuTTY\;C:\Program Files\Microsoft SQL Server\110\Tools\Binn\;C:\Users\cristian.carneiro\AppData\Local\Microsoft\WindowsApps;C:\Users\cristian.carneiro\AppData\Local\Programs\Microsoft VS Code\bin;C:\Users\cristian.carneiro\AppData\Roaming\npm;C:\Users\cristian.carneiro\AppData\Local\Yarn\bin;C:\Users\cristian.carneiro\.dotnet\tools;C:\Program Files\Git\cmd;C:\Program Files\Git\mingw64\bin;C:\Program Files\Git\usr\bin;D:\cmder\vendor\bin;D:\cmder\bin;D:\cmder;D:\cmder\vendor\git-for-windows\cmd;D:\cmder\vendor\git-for-windows\mingw64\bin;D:\cmder\vendor\git-for-windows\usr\bin;D:\cmder\vendor\bin;D:\cmder;D:\cmder\vendor\git-for-windows\cmd;D:\cmder\vendor\git-for-windows\mingw64\bin;D:\cmder\vendor\git-for-windows\usr\bin;D:\cmder\vendor\bin;D:\cmder

Yarn version: 
  1.22.4

Node version: 
  13.3.0

Platform: 
  win32 x64

Trace: 
  Error: UNKNOWN: unknown error, scandir 'C:\Users\cristian.carneiro\AppData\Local\Yarn\Cache\v6\npm-@babel-helper-create-class-features-plugin-7.9.6-965c8b0a9f051801fd9d3b372ca0ccf200a90897-integrity\node_modules\@babel\helper-create-class-features-plugin'

npm manifest: 
  {
    "name": "primeiro-projeto-node",
    "version": "1.0.0",
    "main": "index.js",
    "license": "MIT",
    "scripts": {
      "build": "tsc",
      "dev:server": "ts-node-dev -r tsconfig-paths/register --transpile-only --ignore-watch node_modules src/shared/infra/http/server.ts",
      "start": "ts-node src/shared/infra/http/server.ts",
      "typeorm": "ts-node-dev -r tsconfig-paths/register ./node_modules/typeorm/cli.js",
      "test": "jest"
    },
    "dependencies": {
      "bcryptjs": "^2.4.3",
      "cors": "^2.8.5",
      "date-fns": "^2.14.0",
      "express": "^4.17.1",
      "express-async-errors": "^3.1.1",
      "jsonwebtoken": "^8.5.1",
      "multer": "^1.4.2",
      "pg": "^8.3.0",
      "reflect-metadata": "^0.1.13",
      "tsyringe": "^4.3.0",
      "typeorm": "^0.2.25",
      "uuidv4": "^6.1.1"
    },
    "devDependencies": {
      "@types/bcryptjs": "^2.4.2",
      "@types/cors": "^2.8.6",
      "@types/express": "^4.17.5",
      "@types/jest": "^26.0.5",
      "@types/jsonwebtoken": "^8.5.0",
      "@types/multer": "^1.4.3",
      "@types/supertest": "^2.0.8",
      "@typescript-eslint/eslint-plugin": "^2.27.0",
      "@typescript-eslint/parser": "^2.27.0",
      "eslint": "^6.8.0",
      "eslint-config-airbnb-base": "^14.1.0",
      "eslint-config-prettier": "^6.10.1",
      "eslint-import-resolver-typescript": "^2.0.0",
      "eslint-plugin-import": "^2.20.1",
      "eslint-plugin-prettier": "^3.1.2",
      "jest": "^26.1.0",
      "prettier": "^2.0.4",
      "supertest": "^4.0.2",
      "ts-jest": "^26.1.3",
      "ts-node-dev": "^1.0.0-pre.44",
      "tsconfig-paths": "^3.9.0",
      "typescript": "^3.8.3"
    }
  }

yarn manifest: 
  No manifest

Lockfile: 
  No lockfile
